# Logfile created on 2016-01-21 16:21:41 +0530 by logger.rb/41954
D, [2016-01-21T16:21:42.396340 #3492] DEBUG -- : Browser is maximized successfully
D, [2016-01-21T16:21:57.925237 #3492] DEBUG -- : chrome not reachable
  (Session info: chrome=47.0.2526.111)
  (Driver info: chromedriver=2.14.313457 (3d645c400edf2e2c500566c9aa096063e707c9cf),platform=Windows NT 6.1 SP1 x86_64) (Selenium::WebDriver::Error::WebDriverError)
C:/Ruby200/lib/ruby/gems/2.0.0/gems/selenium-webdriver-2.46.1/lib/selenium/webdriver/remote/response.rb:69:in `assert_ok'
C:/Ruby200/lib/ruby/gems/2.0.0/gems/selenium-webdriver-2.46.1/lib/selenium/webdriver/remote/response.rb:32:in `initialize'
C:/Ruby200/lib/ruby/gems/2.0.0/gems/selenium-webdriver-2.46.1/lib/selenium/webdriver/remote/http/common.rb:76:in `new'
C:/Ruby200/lib/ruby/gems/2.0.0/gems/selenium-webdriver-2.46.1/lib/selenium/webdriver/remote/http/common.rb:76:in `create_response'
C:/Ruby200/lib/ruby/gems/2.0.0/gems/selenium-webdriver-2.46.1/lib/selenium/webdriver/remote/http/default.rb:88:in `request'
C:/Ruby200/lib/ruby/gems/2.0.0/gems/selenium-webdriver-2.46.1/lib/selenium/webdriver/remote/http/common.rb:57:in `call'
C:/Ruby200/lib/ruby/gems/2.0.0/gems/selenium-webdriver-2.46.1/lib/selenium/webdriver/remote/bridge.rb:655:in `raw_execute'
C:/Ruby200/lib/ruby/gems/2.0.0/gems/selenium-webdriver-2.46.1/lib/selenium/webdriver/remote/bridge.rb:633:in `execute'
C:/Ruby200/lib/ruby/gems/2.0.0/gems/selenium-webdriver-2.46.1/lib/selenium/webdriver/remote/bridge.rb:278:in `getScreenshot'
C:/Ruby200/lib/ruby/gems/2.0.0/gems/selenium-webdriver-2.46.1/lib/selenium/webdriver/common/driver_extensions/takes_screenshot.rb:51:in `screenshot_as'
C:/Ruby200/lib/ruby/gems/2.0.0/gems/selenium-webdriver-2.46.1/lib/selenium/webdriver/common/driver_extensions/takes_screenshot.rb:35:in `block in save_screenshot'
C:/Ruby200/lib/ruby/gems/2.0.0/gems/selenium-webdriver-2.46.1/lib/selenium/webdriver/common/driver_extensions/takes_screenshot.rb:35:in `open'
C:/Ruby200/lib/ruby/gems/2.0.0/gems/selenium-webdriver-2.46.1/lib/selenium/webdriver/common/driver_extensions/takes_screenshot.rb:35:in `save_screenshot'
S:/selenium_code/practise_codes/Gridproj/features/support/hooks.rb:36:in `block in <top (required)>'
C:/Ruby200/lib/ruby/gems/2.0.0/gems/cucumber-1.3.17/lib/cucumber/core_ext/instance_exec.rb:48:in `instance_exec'
C:/Ruby200/lib/ruby/gems/2.0.0/gems/cucumber-1.3.17/lib/cucumber/core_ext/instance_exec.rb:48:in `block in cucumber_instance_exec'
C:/Ruby200/lib/ruby/gems/2.0.0/gems/cucumber-1.3.17/lib/cucumber/core_ext/instance_exec.rb:69:in `cucumber_run_with_backtrace_filtering'
C:/Ruby200/lib/ruby/gems/2.0.0/gems/cucumber-1.3.17/lib/cucumber/core_ext/instance_exec.rb:36:in `cucumber_instance_exec'
C:/Ruby200/lib/ruby/gems/2.0.0/gems/cucumber-1.3.17/lib/cucumber/rb_support/rb_hook.rb:14:in `invoke'
C:/Ruby200/lib/ruby/gems/2.0.0/gems/cucumber-1.3.17/lib/cucumber/language_support/language_methods.rb:114:in `invoke'
C:/Ruby200/lib/ruby/gems/2.0.0/gems/cucumber-1.3.17/lib/cucumber/language_support/language_methods.rb:108:in `block in execute_after'
C:/Ruby200/lib/ruby/gems/2.0.0/gems/cucumber-1.3.17/lib/cucumber/language_support/language_methods.rb:107:in `reverse_each'
C:/Ruby200/lib/ruby/gems/2.0.0/gems/cucumber-1.3.17/lib/cucumber/language_support/language_methods.rb:107:in `execute_after'
C:/Ruby200/lib/ruby/gems/2.0.0/gems/cucumber-1.3.17/lib/cucumber/language_support/language_methods.rb:19:in `after'
C:/Ruby200/lib/ruby/gems/2.0.0/gems/cucumber-1.3.17/lib/cucumber/runtime/support_code.rb:112:in `block in fire_hook'
C:/Ruby200/lib/ruby/gems/2.0.0/gems/cucumber-1.3.17/lib/cucumber/runtime/support_code.rb:111:in `each'
C:/Ruby200/lib/ruby/gems/2.0.0/gems/cucumber-1.3.17/lib/cucumber/runtime/support_code.rb:111:in `fire_hook'
C:/Ruby200/lib/ruby/gems/2.0.0/gems/cucumber-1.3.17/lib/cucumber/runtime.rb:113:in `after'
C:/Ruby200/lib/ruby/gems/2.0.0/gems/cucumber-1.3.17/lib/cucumber/runtime.rb:100:in `before_and_after'
C:/Ruby200/lib/ruby/gems/2.0.0/gems/cucumber-1.3.17/lib/cucumber/runtime.rb:82:in `block in with_hooks'
C:/Ruby200/lib/ruby/gems/2.0.0/gems/cucumber-1.3.17/lib/cucumber/runtime/support_code.rb:120:in `call'
C:/Ruby200/lib/ruby/gems/2.0.0/gems/cucumber-1.3.17/lib/cucumber/runtime/support_code.rb:120:in `block (3 levels) in around'
C:/Ruby200/lib/ruby/gems/2.0.0/gems/cucumber-1.3.17/lib/cucumber/language_support/language_methods.rb:9:in `block in around'
C:/Ruby200/lib/ruby/gems/2.0.0/gems/cucumber-1.3.17/lib/cucumber/language_support/language_methods.rb:97:in `call'
C:/Ruby200/lib/ruby/gems/2.0.0/gems/cucumber-1.3.17/lib/cucumber/language_support/language_methods.rb:97:in `execute_around'
C:/Ruby200/lib/ruby/gems/2.0.0/gems/cucumber-1.3.17/lib/cucumber/language_support/language_methods.rb:8:in `around'
C:/Ruby200/lib/ruby/gems/2.0.0/gems/cucumber-1.3.17/lib/cucumber/runtime/support_code.rb:119:in `block (2 levels) in around'
C:/Ruby200/lib/ruby/gems/2.0.0/gems/cucumber-1.3.17/lib/cucumber/runtime/support_code.rb:123:in `call'
C:/Ruby200/lib/ruby/gems/2.0.0/gems/cucumber-1.3.17/lib/cucumber/runtime/support_code.rb:123:in `around'
C:/Ruby200/lib/ruby/gems/2.0.0/gems/cucumber-1.3.17/lib/cucumber/runtime.rb:94:in `around'
C:/Ruby200/lib/ruby/gems/2.0.0/gems/cucumber-1.3.17/lib/cucumber/runtime.rb:81:in `with_hooks'
C:/Ruby200/lib/ruby/gems/2.0.0/gems/cucumber-1.3.17/lib/cucumber/ast/outline_table.rb:117:in `accept_plain'
C:/Ruby200/lib/ruby/gems/2.0.0/gems/cucumber-1.3.17/lib/cucumber/ast/outline_table.rb:107:in `accept'
C:/Ruby200/lib/ruby/gems/2.0.0/gems/cucumber-1.3.17/lib/cucumber/ast/tree_walker.rb:138:in `block in visit_table_row'
C:/Ruby200/lib/ruby/gems/2.0.0/gems/cucumber-1.3.17/lib/cucumber/ast/tree_walker.rb:170:in `broadcast'
C:/Ruby200/lib/ruby/gems/2.0.0/gems/cucumber-1.3.17/lib/cucumber/ast/tree_walker.rb:137:in `visit_table_row'
C:/Ruby200/lib/ruby/gems/2.0.0/gems/cucumber-1.3.17/lib/cucumber/ast/outline_table.rb:27:in `block in accept'
C:/Ruby200/lib/ruby/gems/2.0.0/gems/cucumber-1.3.17/lib/cucumber/ast/outline_table.rb:23:in `each'
C:/Ruby200/lib/ruby/gems/2.0.0/gems/cucumber-1.3.17/lib/cucumber/ast/outline_table.rb:23:in `each_with_index'
C:/Ruby200/lib/ruby/gems/2.0.0/gems/cucumber-1.3.17/lib/cucumber/ast/outline_table.rb:23:in `accept'
C:/Ruby200/lib/ruby/gems/2.0.0/gems/cucumber-1.3.17/lib/cucumber/ast/tree_walker.rb:90:in `block in visit_outline_table'
C:/Ruby200/lib/ruby/gems/2.0.0/gems/cucumber-1.3.17/lib/cucumber/ast/tree_walker.rb:170:in `broadcast'
C:/Ruby200/lib/ruby/gems/2.0.0/gems/cucumber-1.3.17/lib/cucumber/ast/tree_walker.rb:89:in `visit_outline_table'
C:/Ruby200/lib/ruby/gems/2.0.0/gems/cucumber-1.3.17/lib/cucumber/ast/examples.rb:25:in `accept'
C:/Ruby200/lib/ruby/gems/2.0.0/gems/cucumber-1.3.17/lib/cucumber/ast/tree_walker.rb:80:in `block in visit_examples'
C:/Ruby200/lib/ruby/gems/2.0.0/gems/cucumber-1.3.17/lib/cucumber/ast/tree_walker.rb:170:in `broadcast'
C:/Ruby200/lib/ruby/gems/2.0.0/gems/cucumber-1.3.17/lib/cucumber/ast/tree_walker.rb:79:in `visit_examples'
C:/Ruby200/lib/ruby/gems/2.0.0/gems/cucumber-1.3.17/lib/cucumber/ast/scenario_outline.rb:19:in `block in accept'
C:/Ruby200/lib/ruby/gems/2.0.0/gems/cucumber-1.3.17/lib/cucumber/ast/scenario_outline.rb:18:in `each'
C:/Ruby200/lib/ruby/gems/2.0.0/gems/cucumber-1.3.17/lib/cucumber/ast/scenario_outline.rb:18:in `accept'
C:/Ruby200/lib/ruby/gems/2.0.0/gems/cucumber-1.3.17/lib/cucumber/ast/tree_walker.rb:74:in `block in visit_examples_array'
C:/Ruby200/lib/ruby/gems/2.0.0/gems/cucumber-1.3.17/lib/cucumber/ast/tree_walker.rb:170:in `broadcast'
C:/Ruby200/lib/ruby/gems/2.0.0/gems/cucumber-1.3.17/lib/cucumber/ast/tree_walker.rb:73:in `visit_examples_array'
C:/Ruby200/lib/ruby/gems/2.0.0/gems/cucumber-1.3.17/lib/cucumber/ast/scenario_outline.rb:45:in `accept'
C:/Ruby200/lib/ruby/gems/2.0.0/gems/cucumber-1.3.17/lib/cucumber/ast/tree_walker.rb:58:in `block in visit_feature_element'
C:/Ruby200/lib/ruby/gems/2.0.0/gems/cucumber-1.3.17/lib/cucumber/ast/tree_walker.rb:170:in `broadcast'
C:/Ruby200/lib/ruby/gems/2.0.0/gems/cucumber-1.3.17/lib/cucumber/ast/tree_walker.rb:57:in `visit_feature_element'
C:/Ruby200/lib/ruby/gems/2.0.0/gems/cucumber-1.3.17/lib/cucumber/ast/feature.rb:38:in `block in accept'
C:/Ruby200/lib/ruby/gems/2.0.0/gems/cucumber-1.3.17/lib/cucumber/ast/feature.rb:37:in `each'
C:/Ruby200/lib/ruby/gems/2.0.0/gems/cucumber-1.3.17/lib/cucumber/ast/feature.rb:37:in `accept'
C:/Ruby200/lib/ruby/gems/2.0.0/gems/cucumber-1.3.17/lib/cucumber/ast/tree_walker.rb:27:in `block in visit_feature'
C:/Ruby200/lib/ruby/gems/2.0.0/gems/cucumber-1.3.17/lib/cucumber/ast/tree_walker.rb:170:in `broadcast'
C:/Ruby200/lib/ruby/gems/2.0.0/gems/cucumber-1.3.17/lib/cucumber/ast/tree_walker.rb:26:in `visit_feature'
C:/Ruby200/lib/ruby/gems/2.0.0/gems/cucumber-1.3.17/lib/cucumber/ast/features.rb:28:in `block in accept'
C:/Ruby200/lib/ruby/gems/2.0.0/gems/cucumber-1.3.17/lib/cucumber/ast/features.rb:17:in `each'
C:/Ruby200/lib/ruby/gems/2.0.0/gems/cucumber-1.3.17/lib/cucumber/ast/features.rb:17:in `each'
C:/Ruby200/lib/ruby/gems/2.0.0/gems/cucumber-1.3.17/lib/cucumber/ast/features.rb:27:in `accept'
C:/Ruby200/lib/ruby/gems/2.0.0/gems/cucumber-1.3.17/lib/cucumber/ast/tree_walker.rb:21:in `block in visit_features'
C:/Ruby200/lib/ruby/gems/2.0.0/gems/cucumber-1.3.17/lib/cucumber/ast/tree_walker.rb:170:in `broadcast'
C:/Ruby200/lib/ruby/gems/2.0.0/gems/cucumber-1.3.17/lib/cucumber/ast/tree_walker.rb:20:in `visit_features'
C:/Ruby200/lib/ruby/gems/2.0.0/gems/cucumber-1.3.17/lib/cucumber/runtime.rb:49:in `run!'
C:/Ruby200/lib/ruby/gems/2.0.0/gems/cucumber-1.3.17/lib/cucumber/cli/main.rb:47:in `execute!'
C:/Ruby200/lib/ruby/gems/2.0.0/gems/cucumber-1.3.17/bin/cucumber:13:in `<top (required)>'
C:/Ruby200/bin/cucumber:23:in `load'
C:/Ruby200/bin/cucumber:23:in `<main>'
D, [2016-01-21T16:21:57.925237 #3492] DEBUG -- : Unable to capture screen shot
D, [2016-01-21T16:21:57.925237 #3492] DEBUG -- : scenario name: | selenium |
D, [2016-01-21T16:21:57.925237 #3492] DEBUG -- : #scenario status: failed
