# Logfile created on 2015-12-17 19:52:43 +0530 by logger.rb/41954
D, [2015-12-17T19:52:44.296120 #52208] DEBUG -- : Browser is maximized successfully
D, [2015-12-17T19:52:49.232402 #52208] DEBUG -- : undefined method `save_screenshot' for nil:NilClass (NoMethodError)
C:/Users/skumari/Desktop/sel_practice/Gridproj/features/support/hooks.rb:36:in `block in <top (required)>'
C:/Ruby200/lib/ruby/gems/2.0.0/gems/cucumber-1.3.17/lib/cucumber/core_ext/instance_exec.rb:48:in `instance_exec'
C:/Ruby200/lib/ruby/gems/2.0.0/gems/cucumber-1.3.17/lib/cucumber/core_ext/instance_exec.rb:48:in `block in cucumber_instance_exec'
C:/Ruby200/lib/ruby/gems/2.0.0/gems/cucumber-1.3.17/lib/cucumber/core_ext/instance_exec.rb:69:in `cucumber_run_with_backtrace_filtering'
C:/Ruby200/lib/ruby/gems/2.0.0/gems/cucumber-1.3.17/lib/cucumber/core_ext/instance_exec.rb:36:in `cucumber_instance_exec'
C:/Ruby200/lib/ruby/gems/2.0.0/gems/cucumber-1.3.17/lib/cucumber/rb_support/rb_hook.rb:14:in `invoke'
C:/Ruby200/lib/ruby/gems/2.0.0/gems/cucumber-1.3.17/lib/cucumber/language_support/language_methods.rb:114:in `invoke'
C:/Ruby200/lib/ruby/gems/2.0.0/gems/cucumber-1.3.17/lib/cucumber/language_support/language_methods.rb:108:in `block in execute_after'
C:/Ruby200/lib/ruby/gems/2.0.0/gems/cucumber-1.3.17/lib/cucumber/language_support/language_methods.rb:107:in `reverse_each'
C:/Ruby200/lib/ruby/gems/2.0.0/gems/cucumber-1.3.17/lib/cucumber/language_support/language_methods.rb:107:in `execute_after'
C:/Ruby200/lib/ruby/gems/2.0.0/gems/cucumber-1.3.17/lib/cucumber/language_support/language_methods.rb:19:in `after'
C:/Ruby200/lib/ruby/gems/2.0.0/gems/cucumber-1.3.17/lib/cucumber/runtime/support_code.rb:112:in `block in fire_hook'
C:/Ruby200/lib/ruby/gems/2.0.0/gems/cucumber-1.3.17/lib/cucumber/runtime/support_code.rb:111:in `each'
C:/Ruby200/lib/ruby/gems/2.0.0/gems/cucumber-1.3.17/lib/cucumber/runtime/support_code.rb:111:in `fire_hook'
C:/Ruby200/lib/ruby/gems/2.0.0/gems/cucumber-1.3.17/lib/cucumber/runtime.rb:113:in `after'
C:/Ruby200/lib/ruby/gems/2.0.0/gems/cucumber-1.3.17/lib/cucumber/runtime.rb:100:in `before_and_after'
C:/Ruby200/lib/ruby/gems/2.0.0/gems/cucumber-1.3.17/lib/cucumber/runtime.rb:82:in `block in with_hooks'
C:/Ruby200/lib/ruby/gems/2.0.0/gems/cucumber-1.3.17/lib/cucumber/runtime/support_code.rb:120:in `call'
C:/Ruby200/lib/ruby/gems/2.0.0/gems/cucumber-1.3.17/lib/cucumber/runtime/support_code.rb:120:in `block (3 levels) in around'
C:/Ruby200/lib/ruby/gems/2.0.0/gems/cucumber-1.3.17/lib/cucumber/language_support/language_methods.rb:9:in `block in around'
C:/Ruby200/lib/ruby/gems/2.0.0/gems/cucumber-1.3.17/lib/cucumber/language_support/language_methods.rb:97:in `call'
C:/Ruby200/lib/ruby/gems/2.0.0/gems/cucumber-1.3.17/lib/cucumber/language_support/language_methods.rb:97:in `execute_around'
C:/Ruby200/lib/ruby/gems/2.0.0/gems/cucumber-1.3.17/lib/cucumber/language_support/language_methods.rb:8:in `around'
C:/Ruby200/lib/ruby/gems/2.0.0/gems/cucumber-1.3.17/lib/cucumber/runtime/support_code.rb:119:in `block (2 levels) in around'
C:/Ruby200/lib/ruby/gems/2.0.0/gems/cucumber-1.3.17/lib/cucumber/runtime/support_code.rb:123:in `call'
C:/Ruby200/lib/ruby/gems/2.0.0/gems/cucumber-1.3.17/lib/cucumber/runtime/support_code.rb:123:in `around'
C:/Ruby200/lib/ruby/gems/2.0.0/gems/cucumber-1.3.17/lib/cucumber/runtime.rb:94:in `around'
C:/Ruby200/lib/ruby/gems/2.0.0/gems/cucumber-1.3.17/lib/cucumber/runtime.rb:81:in `with_hooks'
C:/Ruby200/lib/ruby/gems/2.0.0/gems/cucumber-1.3.17/lib/cucumber/ast/outline_table.rb:117:in `accept_plain'
C:/Ruby200/lib/ruby/gems/2.0.0/gems/cucumber-1.3.17/lib/cucumber/ast/outline_table.rb:107:in `accept'
C:/Ruby200/lib/ruby/gems/2.0.0/gems/cucumber-1.3.17/lib/cucumber/ast/tree_walker.rb:138:in `block in visit_table_row'
C:/Ruby200/lib/ruby/gems/2.0.0/gems/cucumber-1.3.17/lib/cucumber/ast/tree_walker.rb:170:in `broadcast'
C:/Ruby200/lib/ruby/gems/2.0.0/gems/cucumber-1.3.17/lib/cucumber/ast/tree_walker.rb:137:in `visit_table_row'
C:/Ruby200/lib/ruby/gems/2.0.0/gems/cucumber-1.3.17/lib/cucumber/ast/outline_table.rb:27:in `block in accept'
C:/Ruby200/lib/ruby/gems/2.0.0/gems/cucumber-1.3.17/lib/cucumber/ast/outline_table.rb:23:in `each'
C:/Ruby200/lib/ruby/gems/2.0.0/gems/cucumber-1.3.17/lib/cucumber/ast/outline_table.rb:23:in `each_with_index'
C:/Ruby200/lib/ruby/gems/2.0.0/gems/cucumber-1.3.17/lib/cucumber/ast/outline_table.rb:23:in `accept'
C:/Ruby200/lib/ruby/gems/2.0.0/gems/cucumber-1.3.17/lib/cucumber/ast/tree_walker.rb:90:in `block in visit_outline_table'
C:/Ruby200/lib/ruby/gems/2.0.0/gems/cucumber-1.3.17/lib/cucumber/ast/tree_walker.rb:170:in `broadcast'
C:/Ruby200/lib/ruby/gems/2.0.0/gems/cucumber-1.3.17/lib/cucumber/ast/tree_walker.rb:89:in `visit_outline_table'
C:/Ruby200/lib/ruby/gems/2.0.0/gems/cucumber-1.3.17/lib/cucumber/ast/examples.rb:25:in `accept'
C:/Ruby200/lib/ruby/gems/2.0.0/gems/cucumber-1.3.17/lib/cucumber/ast/tree_walker.rb:80:in `block in visit_examples'
C:/Ruby200/lib/ruby/gems/2.0.0/gems/cucumber-1.3.17/lib/cucumber/ast/tree_walker.rb:170:in `broadcast'
C:/Ruby200/lib/ruby/gems/2.0.0/gems/cucumber-1.3.17/lib/cucumber/ast/tree_walker.rb:79:in `visit_examples'
C:/Ruby200/lib/ruby/gems/2.0.0/gems/cucumber-1.3.17/lib/cucumber/ast/scenario_outline.rb:19:in `block in accept'
C:/Ruby200/lib/ruby/gems/2.0.0/gems/cucumber-1.3.17/lib/cucumber/ast/scenario_outline.rb:18:in `each'
C:/Ruby200/lib/ruby/gems/2.0.0/gems/cucumber-1.3.17/lib/cucumber/ast/scenario_outline.rb:18:in `accept'
C:/Ruby200/lib/ruby/gems/2.0.0/gems/cucumber-1.3.17/lib/cucumber/ast/tree_walker.rb:74:in `block in visit_examples_array'
C:/Ruby200/lib/ruby/gems/2.0.0/gems/cucumber-1.3.17/lib/cucumber/ast/tree_walker.rb:170:in `broadcast'
C:/Ruby200/lib/ruby/gems/2.0.0/gems/cucumber-1.3.17/lib/cucumber/ast/tree_walker.rb:73:in `visit_examples_array'
C:/Ruby200/lib/ruby/gems/2.0.0/gems/cucumber-1.3.17/lib/cucumber/ast/scenario_outline.rb:45:in `accept'
C:/Ruby200/lib/ruby/gems/2.0.0/gems/cucumber-1.3.17/lib/cucumber/ast/tree_walker.rb:58:in `block in visit_feature_element'
C:/Ruby200/lib/ruby/gems/2.0.0/gems/cucumber-1.3.17/lib/cucumber/ast/tree_walker.rb:170:in `broadcast'
C:/Ruby200/lib/ruby/gems/2.0.0/gems/cucumber-1.3.17/lib/cucumber/ast/tree_walker.rb:57:in `visit_feature_element'
C:/Ruby200/lib/ruby/gems/2.0.0/gems/cucumber-1.3.17/lib/cucumber/ast/feature.rb:38:in `block in accept'
C:/Ruby200/lib/ruby/gems/2.0.0/gems/cucumber-1.3.17/lib/cucumber/ast/feature.rb:37:in `each'
C:/Ruby200/lib/ruby/gems/2.0.0/gems/cucumber-1.3.17/lib/cucumber/ast/feature.rb:37:in `accept'
C:/Ruby200/lib/ruby/gems/2.0.0/gems/cucumber-1.3.17/lib/cucumber/ast/tree_walker.rb:27:in `block in visit_feature'
C:/Ruby200/lib/ruby/gems/2.0.0/gems/cucumber-1.3.17/lib/cucumber/ast/tree_walker.rb:170:in `broadcast'
C:/Ruby200/lib/ruby/gems/2.0.0/gems/cucumber-1.3.17/lib/cucumber/ast/tree_walker.rb:26:in `visit_feature'
C:/Ruby200/lib/ruby/gems/2.0.0/gems/cucumber-1.3.17/lib/cucumber/ast/features.rb:28:in `block in accept'
C:/Ruby200/lib/ruby/gems/2.0.0/gems/cucumber-1.3.17/lib/cucumber/ast/features.rb:17:in `each'
C:/Ruby200/lib/ruby/gems/2.0.0/gems/cucumber-1.3.17/lib/cucumber/ast/features.rb:17:in `each'
C:/Ruby200/lib/ruby/gems/2.0.0/gems/cucumber-1.3.17/lib/cucumber/ast/features.rb:27:in `accept'
C:/Ruby200/lib/ruby/gems/2.0.0/gems/cucumber-1.3.17/lib/cucumber/ast/tree_walker.rb:21:in `block in visit_features'
C:/Ruby200/lib/ruby/gems/2.0.0/gems/cucumber-1.3.17/lib/cucumber/ast/tree_walker.rb:170:in `broadcast'
C:/Ruby200/lib/ruby/gems/2.0.0/gems/cucumber-1.3.17/lib/cucumber/ast/tree_walker.rb:20:in `visit_features'
C:/Ruby200/lib/ruby/gems/2.0.0/gems/cucumber-1.3.17/lib/cucumber/runtime.rb:49:in `run!'
C:/Ruby200/lib/ruby/gems/2.0.0/gems/cucumber-1.3.17/lib/cucumber/cli/main.rb:47:in `execute!'
C:/Ruby200/lib/ruby/gems/2.0.0/gems/cucumber-1.3.17/bin/cucumber:13:in `<top (required)>'
C:/Ruby200/bin/cucumber:23:in `load'
C:/Ruby200/bin/cucumber:23:in `<main>'
D, [2015-12-17T19:52:49.232402 #52208] DEBUG -- : Unable to capture screen shot
D, [2015-12-17T19:52:49.232402 #52208] DEBUG -- : scenario name: | selenium |
D, [2015-12-17T19:52:49.232402 #52208] DEBUG -- : #scenario status: failed
